     6>D:\projects\2024-misis-fall\misis2024f-24-01-vlasov-a-a\prj.codeforces\1873d.cpp(1,9): error C1083: Cannot open include file: 'bits/stdc++.h': No such file or directory [D:\projects\2024-misis-fall\misis2024f-24-01-vlasov-a-a\build.check\prj.codeforces\1873d.vcxproj]
    19>D:\projects\2024-misis-fall\misis2024f-24-01-vlasov-a-a\prj.check\prj.check\doctest_arrayt\doctest_arrayt.cpp(17,3): error C2039: 'Size': is not a member of 'ArrayT<double>' [D:\projects\2024-misis-fall\misis2024f-24-01-vlasov-a-a\build.check\prj.check\prj.check\doctest_arrayt\doctest_arrayt.vcxproj]
    19>D:\projects\2024-misis-fall\misis2024f-24-01-vlasov-a-a\prj.check\prj.check\doctest_arrayt\doctest_arrayt.cpp(18,3): error C2039: 'Size': is not a member of 'ArrayT<double>' [D:\projects\2024-misis-fall\misis2024f-24-01-vlasov-a-a\build.check\prj.check\prj.check\doctest_arrayt\doctest_arrayt.vcxproj]
    19>D:\projects\2024-misis-fall\misis2024f-24-01-vlasov-a-a\prj.check\prj.check\doctest_arrayt\doctest_arrayt.cpp(27,3): error C2039: 'Size': is not a member of 'ArrayT<double>' [D:\projects\2024-misis-fall\misis2024f-24-01-vlasov-a-a\build.check\prj.check\prj.check\doctest_arrayt\doctest_arrayt.vcxproj]
    19>D:\projects\2024-misis-fall\misis2024f-24-01-vlasov-a-a\prj.check\prj.check\doctest_arrayt\doctest_arrayt.cpp(27,3): error C2672: 'doctest::detail::ResultBuilder::binary_assert': no matching overloaded function found [D:\projects\2024-misis-fall\misis2024f-24-01-vlasov-a-a\build.check\prj.check\prj.check\doctest_arrayt\doctest_arrayt.vcxproj]
    19>D:\projects\2024-misis-fall\misis2024f-24-01-vlasov-a-a\prj.check\prj.check\doctest_arrayt\doctest_arrayt.cpp(35,25): error C2039: 'Size': is not a member of 'ArrayT<double>' [D:\projects\2024-misis-fall\misis2024f-24-01-vlasov-a-a\build.check\prj.check\prj.check\doctest_arrayt\doctest_arrayt.vcxproj]
    19>D:\projects\2024-misis-fall\misis2024f-24-01-vlasov-a-a\prj.check\prj.check\doctest_arrayt\doctest_arrayt.cpp(39,3): error C2039: 'Size': is not a member of 'ArrayT<double>' [D:\projects\2024-misis-fall\misis2024f-24-01-vlasov-a-a\build.check\prj.check\prj.check\doctest_arrayt\doctest_arrayt.vcxproj]
    19>D:\projects\2024-misis-fall\misis2024f-24-01-vlasov-a-a\prj.check\prj.check\doctest_arrayt\doctest_arrayt.cpp(40,25): error C2039: 'Size': is not a member of 'ArrayT<double>' [D:\projects\2024-misis-fall\misis2024f-24-01-vlasov-a-a\build.check\prj.check\prj.check\doctest_arrayt\doctest_arrayt.vcxproj]
    19>D:\projects\2024-misis-fall\misis2024f-24-01-vlasov-a-a\prj.check\prj.check\doctest_arrayt\doctest_arrayt.cpp(43,25): error C2039: 'Size': is not a member of 'ArrayT<double>' [D:\projects\2024-misis-fall\misis2024f-24-01-vlasov-a-a\build.check\prj.check\prj.check\doctest_arrayt\doctest_arrayt.vcxproj]
    19>D:\projects\2024-misis-fall\misis2024f-24-01-vlasov-a-a\prj.check\prj.check\doctest_arrayt\doctest_arrayt.cpp(46,25): error C2039: 'Size': is not a member of 'ArrayT<double>' [D:\projects\2024-misis-fall\misis2024f-24-01-vlasov-a-a\build.check\prj.check\prj.check\doctest_arrayt\doctest_arrayt.vcxproj]
    19>D:\projects\2024-misis-fall\misis2024f-24-01-vlasov-a-a\prj.check\prj.check\doctest_arrayt\doctest_arrayt.cpp(53,25): error C2039: 'Size': is not a member of 'ArrayT<double>' [D:\projects\2024-misis-fall\misis2024f-24-01-vlasov-a-a\build.check\prj.check\prj.check\doctest_arrayt\doctest_arrayt.vcxproj]
    19>D:\projects\2024-misis-fall\misis2024f-24-01-vlasov-a-a\prj.check\prj.check\doctest_arrayt\doctest_arrayt.cpp(59,25): error C2039: 'Size': is not a member of 'ArrayT<double>' [D:\projects\2024-misis-fall\misis2024f-24-01-vlasov-a-a\build.check\prj.check\prj.check\doctest_arrayt\doctest_arrayt.vcxproj]
    19>D:\projects\2024-misis-fall\misis2024f-24-01-vlasov-a-a\prj.check\prj.check\doctest_arrayt\doctest_arrayt.cpp(66,3): error C2039: 'Size': is not a member of 'ArrayT<double>' [D:\projects\2024-misis-fall\misis2024f-24-01-vlasov-a-a\build.check\prj.check\prj.check\doctest_arrayt\doctest_arrayt.vcxproj]
    19>D:\projects\2024-misis-fall\misis2024f-24-01-vlasov-a-a\prj.check\prj.check\doctest_arrayt\doctest_arrayt.cpp(68,19): error C2039: 'Size': is not a member of 'ArrayT<double>' [D:\projects\2024-misis-fall\misis2024f-24-01-vlasov-a-a\build.check\prj.check\prj.check\doctest_arrayt\doctest_arrayt.vcxproj]
    19>D:\projects\2024-misis-fall\misis2024f-24-01-vlasov-a-a\prj.check\prj.check\doctest_arrayt\doctest_arrayt.cpp(68,37): error C2039: 'Size': is not a member of 'ArrayT<double>' [D:\projects\2024-misis-fall\misis2024f-24-01-vlasov-a-a\build.check\prj.check\prj.check\doctest_arrayt\doctest_arrayt.vcxproj]
    19>D:\projects\2024-misis-fall\misis2024f-24-01-vlasov-a-a\prj.check\prj.check\doctest_arrayt\doctest_arrayt.cpp(69,25): error C2039: 'Size': is not a member of 'ArrayT<double>' [D:\projects\2024-misis-fall\misis2024f-24-01-vlasov-a-a\build.check\prj.check\prj.check\doctest_arrayt\doctest_arrayt.vcxproj]
    19>D:\projects\2024-misis-fall\misis2024f-24-01-vlasov-a-a\prj.check\prj.check\doctest_arrayt\doctest_arrayt.cpp(74,25): error C2039: 'Size': is not a member of 'ArrayT<double>' [D:\projects\2024-misis-fall\misis2024f-24-01-vlasov-a-a\build.check\prj.check\prj.check\doctest_arrayt\doctest_arrayt.vcxproj]
    19>D:\projects\2024-misis-fall\misis2024f-24-01-vlasov-a-a\prj.check\prj.check\doctest_arrayt\doctest_arrayt.cpp(77,25): error C2039: 'Size': is not a member of 'ArrayT<double>' [D:\projects\2024-misis-fall\misis2024f-24-01-vlasov-a-a\build.check\prj.check\prj.check\doctest_arrayt\doctest_arrayt.vcxproj]
    19>D:\projects\2024-misis-fall\misis2024f-24-01-vlasov-a-a\prj.check\prj.check\doctest_arrayt\doctest_arrayt.cpp(85,28): error C2039: 'Size': is not a member of 'ArrayT<double>' [D:\projects\2024-misis-fall\misis2024f-24-01-vlasov-a-a\build.check\prj.check\prj.check\doctest_arrayt\doctest_arrayt.vcxproj]
    19>D:\projects\2024-misis-fall\misis2024f-24-01-vlasov-a-a\prj.check\prj.check\doctest_arrayt\doctest_arrayt.cpp(89,25): error C2039: 'Size': is not a member of 'ArrayT<double>' [D:\projects\2024-misis-fall\misis2024f-24-01-vlasov-a-a\build.check\prj.check\prj.check\doctest_arrayt\doctest_arrayt.vcxproj]
    19>D:\projects\2024-misis-fall\misis2024f-24-01-vlasov-a-a\prj.check\prj.check\doctest_arrayt\doctest_arrayt.cpp(100,3): error C2039: 'Size': is not a member of 'ArrayT<double>' [D:\projects\2024-misis-fall\misis2024f-24-01-vlasov-a-a\build.check\prj.check\prj.check\doctest_arrayt\doctest_arrayt.vcxproj]
    19>D:\projects\2024-misis-fall\misis2024f-24-01-vlasov-a-a\prj.check\prj.check\doctest_arrayt\doctest_arrayt.cpp(102,3): error C2039: 'Size': is not a member of 'ArrayT<double>' [D:\projects\2024-misis-fall\misis2024f-24-01-vlasov-a-a\build.check\prj.check\prj.check\doctest_arrayt\doctest_arrayt.vcxproj]
    19>D:\projects\2024-misis-fall\misis2024f-24-01-vlasov-a-a\prj.check\prj.check\doctest_arrayt\doctest_arrayt.cpp(105,3): error C2039: 'Size': is not a member of 'ArrayT<double>' [D:\projects\2024-misis-fall\misis2024f-24-01-vlasov-a-a\build.check\prj.check\prj.check\doctest_arrayt\doctest_arrayt.vcxproj]
    19>D:\projects\2024-misis-fall\misis2024f-24-01-vlasov-a-a\prj.check\prj.check\doctest_arrayt\doctest_arrayt.cpp(107,3): error C2039: 'Size': is not a member of 'ArrayT<double>' [D:\projects\2024-misis-fall\misis2024f-24-01-vlasov-a-a\build.check\prj.check\prj.check\doctest_arrayt\doctest_arrayt.vcxproj]
    19>D:\projects\2024-misis-fall\misis2024f-24-01-vlasov-a-a\prj.check\prj.check\doctest_arrayt\doctest_arrayt.cpp(112,25): error C2039: 'Size': is not a member of 'ArrayT<double>' [D:\projects\2024-misis-fall\misis2024f-24-01-vlasov-a-a\build.check\prj.check\prj.check\doctest_arrayt\doctest_arrayt.vcxproj]
    19>D:\projects\2024-misis-fall\misis2024f-24-01-vlasov-a-a\prj.check\prj.check\doctest_arrayt\doctest_arrayt.cpp(115,6): error C2039: 'Resize': is not a member of 'ArrayT<double>' [D:\projects\2024-misis-fall\misis2024f-24-01-vlasov-a-a\build.check\prj.check\prj.check\doctest_arrayt\doctest_arrayt.vcxproj]
    19>D:\projects\2024-misis-fall\misis2024f-24-01-vlasov-a-a\prj.check\prj.check\doctest_arrayt\doctest_arrayt.cpp(117,25): error C2039: 'Size': is not a member of 'ArrayT<double>' [D:\projects\2024-misis-fall\misis2024f-24-01-vlasov-a-a\build.check\prj.check\prj.check\doctest_arrayt\doctest_arrayt.vcxproj]
    19>D:\projects\2024-misis-fall\misis2024f-24-01-vlasov-a-a\prj.check\prj.check\doctest_arrayt\doctest_arrayt.cpp(123,6): error C2039: 'Resize': is not a member of 'ArrayT<double>' [D:\projects\2024-misis-fall\misis2024f-24-01-vlasov-a-a\build.check\prj.check\prj.check\doctest_arrayt\doctest_arrayt.vcxproj]
    19>D:\projects\2024-misis-fall\misis2024f-24-01-vlasov-a-a\prj.check\prj.check\doctest_arrayt\doctest_arrayt.cpp(124,26): error C2039: 'Size': is not a member of 'ArrayT<double>' [D:\projects\2024-misis-fall\misis2024f-24-01-vlasov-a-a\build.check\prj.check\prj.check\doctest_arrayt\doctest_arrayt.vcxproj]
    19>D:\projects\2024-misis-fall\misis2024f-24-01-vlasov-a-a\prj.check\prj.check\doctest_arrayt\doctest_arrayt.cpp(125,6): error C2039: 'Resize': is not a member of 'ArrayT<double>' [D:\projects\2024-misis-fall\misis2024f-24-01-vlasov-a-a\build.check\prj.check\prj.check\doctest_arrayt\doctest_arrayt.vcxproj]
    19>D:\projects\2024-misis-fall\misis2024f-24-01-vlasov-a-a\prj.check\prj.check\doctest_arrayt\doctest_arrayt.cpp(126,25): error C2039: 'Size': is not a member of 'ArrayT<double>' [D:\projects\2024-misis-fall\misis2024f-24-01-vlasov-a-a\build.check\prj.check\prj.check\doctest_arrayt\doctest_arrayt.vcxproj]
    19>D:\projects\2024-misis-fall\misis2024f-24-01-vlasov-a-a\prj.check\prj.check\doctest_arrayt\doctest_arrayt.cpp(136,6): error C2039: 'Resize': is not a member of 'ArrayT<double>' [D:\projects\2024-misis-fall\misis2024f-24-01-vlasov-a-a\build.check\prj.check\prj.check\doctest_arrayt\doctest_arrayt.vcxproj]
    19>D:\projects\2024-misis-fall\misis2024f-24-01-vlasov-a-a\prj.check\prj.check\doctest_arrayt\doctest_arrayt.cpp(142,25): error C2039: 'Size': is not a member of 'ArrayT<double>' [D:\projects\2024-misis-fall\misis2024f-24-01-vlasov-a-a\build.check\prj.check\prj.check\doctest_arrayt\doctest_arrayt.vcxproj]
    19>D:\projects\2024-misis-fall\misis2024f-24-01-vlasov-a-a\prj.check\prj.check\doctest_arrayt\doctest_arrayt.cpp(147,3): error C2039: 'Resize': is not a member of 'ArrayT<double>' [D:\projects\2024-misis-fall\misis2024f-24-01-vlasov-a-a\build.check\prj.check\prj.check\doctest_arrayt\doctest_arrayt.vcxproj]
    19>D:\projects\2024-misis-fall\misis2024f-24-01-vlasov-a-a\prj.check\prj.check\doctest_arrayt\doctest_arrayt.cpp(148,3): error C2039: 'Resize': is not a member of 'ArrayT<double>' [D:\projects\2024-misis-fall\misis2024f-24-01-vlasov-a-a\build.check\prj.check\prj.check\doctest_arrayt\doctest_arrayt.vcxproj]
    19>D:\projects\2024-misis-fall\misis2024f-24-01-vlasov-a-a\prj.check\prj.check\doctest_arrayt\doctest_arrayt.cpp(148,3): error C2039: 'Size': is not a member of 'ArrayT<double>' [D:\projects\2024-misis-fall\misis2024f-24-01-vlasov-a-a\build.check\prj.check\prj.check\doctest_arrayt\doctest_arrayt.vcxproj]
    19>D:\projects\2024-misis-fall\misis2024f-24-01-vlasov-a-a\prj.check\prj.check\doctest_arrayt\doctest_arrayt.cpp(149,3): error C2039: 'Resize': is not a member of 'ArrayT<double>' [D:\projects\2024-misis-fall\misis2024f-24-01-vlasov-a-a\build.check\prj.check\prj.check\doctest_arrayt\doctest_arrayt.vcxproj]
    19>D:\projects\2024-misis-fall\misis2024f-24-01-vlasov-a-a\prj.check\prj.check\doctest_arrayt\doctest_arrayt.cpp(154,3): error C2039: 'Insert': is not a member of 'ArrayT<double>' [D:\projects\2024-misis-fall\misis2024f-24-01-vlasov-a-a\build.check\prj.check\prj.check\doctest_arrayt\doctest_arrayt.vcxproj]
    19>D:\projects\2024-misis-fall\misis2024f-24-01-vlasov-a-a\prj.check\prj.check\doctest_arrayt\doctest_arrayt.cpp(154,3): error C2039: 'Size': is not a member of 'ArrayT<double>' [D:\projects\2024-misis-fall\misis2024f-24-01-vlasov-a-a\build.check\prj.check\prj.check\doctest_arrayt\doctest_arrayt.vcxproj]
    19>D:\projects\2024-misis-fall\misis2024f-24-01-vlasov-a-a\prj.check\prj.check\doctest_arrayt\doctest_arrayt.cpp(155,3): error C2039: 'Size': is not a member of 'ArrayT<double>' [D:\projects\2024-misis-fall\misis2024f-24-01-vlasov-a-a\build.check\prj.check\prj.check\doctest_arrayt\doctest_arrayt.vcxproj]
    19>D:\projects\2024-misis-fall\misis2024f-24-01-vlasov-a-a\prj.check\prj.check\doctest_arrayt\doctest_arrayt.cpp(155,3): error C2672: 'doctest::detail::ResultBuilder::binary_assert': no matching overloaded function found [D:\projects\2024-misis-fall\misis2024f-24-01-vlasov-a-a\build.check\prj.check\prj.check\doctest_arrayt\doctest_arrayt.vcxproj]
    19>D:\projects\2024-misis-fall\misis2024f-24-01-vlasov-a-a\prj.check\prj.check\doctest_arrayt\doctest_arrayt.cpp(156,3): error C2039: 'Insert': is not a member of 'ArrayT<double>' [D:\projects\2024-misis-fall\misis2024f-24-01-vlasov-a-a\build.check\prj.check\prj.check\doctest_arrayt\doctest_arrayt.vcxproj]
    19>D:\projects\2024-misis-fall\misis2024f-24-01-vlasov-a-a\prj.check\prj.check\doctest_arrayt\doctest_arrayt.cpp(158,3): error C2039: 'Insert': is not a member of 'ArrayT<double>' [D:\projects\2024-misis-fall\misis2024f-24-01-vlasov-a-a\build.check\prj.check\prj.check\doctest_arrayt\doctest_arrayt.vcxproj]
    19>D:\projects\2024-misis-fall\misis2024f-24-01-vlasov-a-a\prj.check\prj.check\doctest_arrayt\doctest_arrayt.cpp(159,3): error C2039: 'Insert': is not a member of 'ArrayT<double>' [D:\projects\2024-misis-fall\misis2024f-24-01-vlasov-a-a\build.check\prj.check\prj.check\doctest_arrayt\doctest_arrayt.vcxproj]
    19>D:\projects\2024-misis-fall\misis2024f-24-01-vlasov-a-a\prj.check\prj.check\doctest_arrayt\doctest_arrayt.cpp(159,3): error C2039: 'Size': is not a member of 'ArrayT<double>' [D:\projects\2024-misis-fall\misis2024f-24-01-vlasov-a-a\build.check\prj.check\prj.check\doctest_arrayt\doctest_arrayt.vcxproj]
    19>D:\projects\2024-misis-fall\misis2024f-24-01-vlasov-a-a\prj.check\prj.check\doctest_arrayt\doctest_arrayt.cpp(160,3): error C2039: 'Insert': is not a member of 'ArrayT<double>' [D:\projects\2024-misis-fall\misis2024f-24-01-vlasov-a-a\build.check\prj.check\prj.check\doctest_arrayt\doctest_arrayt.vcxproj]
    19>D:\projects\2024-misis-fall\misis2024f-24-01-vlasov-a-a\prj.check\prj.check\doctest_arrayt\doctest_arrayt.cpp(160,3): error C2039: 'Size': is not a member of 'ArrayT<double>' [D:\projects\2024-misis-fall\misis2024f-24-01-vlasov-a-a\build.check\prj.check\prj.check\doctest_arrayt\doctest_arrayt.vcxproj]
    19>D:\projects\2024-misis-fall\misis2024f-24-01-vlasov-a-a\prj.check\prj.check\doctest_arrayt\doctest_arrayt.cpp(161,3): error C2039: 'Size': is not a member of 'ArrayT<double>' [D:\projects\2024-misis-fall\misis2024f-24-01-vlasov-a-a\build.check\prj.check\prj.check\doctest_arrayt\doctest_arrayt.vcxproj]
    19>D:\projects\2024-misis-fall\misis2024f-24-01-vlasov-a-a\prj.check\prj.check\doctest_arrayt\doctest_arrayt.cpp(161,3): error C2672: 'doctest::detail::ResultBuilder::binary_assert': no matching overloaded function found [D:\projects\2024-misis-fall\misis2024f-24-01-vlasov-a-a\build.check\prj.check\prj.check\doctest_arrayt\doctest_arrayt.vcxproj]
    19>D:\projects\2024-misis-fall\misis2024f-24-01-vlasov-a-a\prj.check\prj.check\doctest_arrayt\doctest_arrayt.cpp(166,26): error C2039: 'Size': is not a member of 'ArrayT<double>' [D:\projects\2024-misis-fall\misis2024f-24-01-vlasov-a-a\build.check\prj.check\prj.check\doctest_arrayt\doctest_arrayt.vcxproj]
    19>D:\projects\2024-misis-fall\misis2024f-24-01-vlasov-a-a\prj.check\prj.check\doctest_arrayt\doctest_arrayt.cpp(170,3): error C2039: 'Remove': is not a member of 'ArrayT<double>' [D:\projects\2024-misis-fall\misis2024f-24-01-vlasov-a-a\build.check\prj.check\prj.check\doctest_arrayt\doctest_arrayt.vcxproj]
    19>D:\projects\2024-misis-fall\misis2024f-24-01-vlasov-a-a\prj.check\prj.check\doctest_arrayt\doctest_arrayt.cpp(171,3): error C2039: 'Size': is not a member of 'ArrayT<double>' [D:\projects\2024-misis-fall\misis2024f-24-01-vlasov-a-a\build.check\prj.check\prj.check\doctest_arrayt\doctest_arrayt.vcxproj]
    19>D:\projects\2024-misis-fall\misis2024f-24-01-vlasov-a-a\prj.check\prj.check\doctest_arrayt\doctest_arrayt.cpp(171,3): error C2672: 'doctest::detail::ResultBuilder::binary_assert': no matching overloaded function found [D:\projects\2024-misis-fall\misis2024f-24-01-vlasov-a-a\build.check\prj.check\prj.check\doctest_arrayt\doctest_arrayt.vcxproj]
    19>D:\projects\2024-misis-fall\misis2024f-24-01-vlasov-a-a\prj.check\prj.check\doctest_arrayt\doctest_arrayt.cpp(173,3): error C2039: 'Remove': is not a member of 'ArrayT<double>' [D:\projects\2024-misis-fall\misis2024f-24-01-vlasov-a-a\build.check\prj.check\prj.check\doctest_arrayt\doctest_arrayt.vcxproj]
    19>D:\projects\2024-misis-fall\misis2024f-24-01-vlasov-a-a\prj.check\prj.check\doctest_arrayt\doctest_arrayt.cpp(173,3): error C2039: 'Size': is not a member of 'ArrayT<double>' [D:\projects\2024-misis-fall\misis2024f-24-01-vlasov-a-a\build.check\prj.check\prj.check\doctest_arrayt\doctest_arrayt.vcxproj]
    19>D:\projects\2024-misis-fall\misis2024f-24-01-vlasov-a-a\prj.check\prj.check\doctest_arrayt\doctest_arrayt.cpp(174,3): error C2039: 'Size': is not a member of 'ArrayT<double>' [D:\projects\2024-misis-fall\misis2024f-24-01-vlasov-a-a\build.check\prj.check\prj.check\doctest_arrayt\doctest_arrayt.vcxproj]
    19>D:\projects\2024-misis-fall\misis2024f-24-01-vlasov-a-a\prj.check\prj.check\doctest_arrayt\doctest_arrayt.cpp(174,3): error C2672: 'doctest::detail::ResultBuilder::binary_assert': no matching overloaded function found [D:\projects\2024-misis-fall\misis2024f-24-01-vlasov-a-a\build.check\prj.check\prj.check\doctest_arrayt\doctest_arrayt.vcxproj]
    19>D:\projects\2024-misis-fall\misis2024f-24-01-vlasov-a-a\prj.check\prj.check\doctest_arrayt\doctest_arrayt.cpp(175,3): error C2039: 'Size': is not a member of 'ArrayT<double>' [D:\projects\2024-misis-fall\misis2024f-24-01-vlasov-a-a\build.check\prj.check\prj.check\doctest_arrayt\doctest_arrayt.vcxproj]
    19>D:\projects\2024-misis-fall\misis2024f-24-01-vlasov-a-a\prj.check\prj.check\doctest_arrayt\doctest_arrayt.cpp(175,3): error C2672: 'doctest::detail::ResultBuilder::binary_assert': no matching overloaded function found [D:\projects\2024-misis-fall\misis2024f-24-01-vlasov-a-a\build.check\prj.check\prj.check\doctest_arrayt\doctest_arrayt.vcxproj]
    19>D:\projects\2024-misis-fall\misis2024f-24-01-vlasov-a-a\prj.check\prj.check\doctest_arrayt\doctest_arrayt.cpp(176,3): error C2039: 'Remove': is not a member of 'ArrayT<double>' [D:\projects\2024-misis-fall\misis2024f-24-01-vlasov-a-a\build.check\prj.check\prj.check\doctest_arrayt\doctest_arrayt.vcxproj]
    19>D:\projects\2024-misis-fall\misis2024f-24-01-vlasov-a-a\prj.check\prj.check\doctest_arrayt\doctest_arrayt.cpp(177,3): error C2039: 'Remove': is not a member of 'ArrayT<double>' [D:\projects\2024-misis-fall\misis2024f-24-01-vlasov-a-a\build.check\prj.check\prj.check\doctest_arrayt\doctest_arrayt.vcxproj]
    19>D:\projects\2024-misis-fall\misis2024f-24-01-vlasov-a-a\prj.check\prj.check\doctest_arrayt\doctest_arrayt.cpp(177,3): error C2039: 'Size': is not a member of 'ArrayT<double>' [D:\projects\2024-misis-fall\misis2024f-24-01-vlasov-a-a\build.check\prj.check\prj.check\doctest_arrayt\doctest_arrayt.vcxproj]
    13>D:\projects\2024-misis-fall\misis2024f-24-01-vlasov-a-a\prj.check\prj.check\doctest_arrayd\doctest_arrayd.cpp(16,3): error C2039: 'Size': is not a member of 'ArrayD' [D:\projects\2024-misis-fall\misis2024f-24-01-vlasov-a-a\build.check\prj.check\prj.check\doctest_arrayd\doctest_arrayd.vcxproj]
    13>D:\projects\2024-misis-fall\misis2024f-24-01-vlasov-a-a\prj.check\prj.check\doctest_arrayd\doctest_arrayd.cpp(17,3): error C2039: 'Size': is not a member of 'ArrayD' [D:\projects\2024-misis-fall\misis2024f-24-01-vlasov-a-a\build.check\prj.check\prj.check\doctest_arrayd\doctest_arrayd.vcxproj]
    13>D:\projects\2024-misis-fall\misis2024f-24-01-vlasov-a-a\prj.check\prj.check\doctest_arrayd\doctest_arrayd.cpp(26,3): error C2039: 'Size': is not a member of 'ArrayD' [D:\projects\2024-misis-fall\misis2024f-24-01-vlasov-a-a\build.check\prj.check\prj.check\doctest_arrayd\doctest_arrayd.vcxproj]
    13>D:\projects\2024-misis-fall\misis2024f-24-01-vlasov-a-a\prj.check\prj.check\doctest_arrayd\doctest_arrayd.cpp(26,3): error C2672: 'doctest::detail::ResultBuilder::binary_assert': no matching overloaded function found [D:\projects\2024-misis-fall\misis2024f-24-01-vlasov-a-a\build.check\prj.check\prj.check\doctest_arrayd\doctest_arrayd.vcxproj]
    13>D:\projects\2024-misis-fall\misis2024f-24-01-vlasov-a-a\prj.check\prj.check\doctest_arrayd\doctest_arrayd.cpp(34,25): error C2039: 'Size': is not a member of 'ArrayD' [D:\projects\2024-misis-fall\misis2024f-24-01-vlasov-a-a\build.check\prj.check\prj.check\doctest_arrayd\doctest_arrayd.vcxproj]
    13>D:\projects\2024-misis-fall\misis2024f-24-01-vlasov-a-a\prj.check\prj.check\doctest_arrayd\doctest_arrayd.cpp(38,3): error C2039: 'Size': is not a member of 'ArrayD' [D:\projects\2024-misis-fall\misis2024f-24-01-vlasov-a-a\build.check\prj.check\prj.check\doctest_arrayd\doctest_arrayd.vcxproj]
    13>D:\projects\2024-misis-fall\misis2024f-24-01-vlasov-a-a\prj.check\prj.check\doctest_arrayd\doctest_arrayd.cpp(39,25): error C2039: 'Size': is not a member of 'ArrayD' [D:\projects\2024-misis-fall\misis2024f-24-01-vlasov-a-a\build.check\prj.check\prj.check\doctest_arrayd\doctest_arrayd.vcxproj]
    13>D:\projects\2024-misis-fall\misis2024f-24-01-vlasov-a-a\prj.check\prj.check\doctest_arrayd\doctest_arrayd.cpp(42,25): error C2039: 'Size': is not a member of 'ArrayD' [D:\projects\2024-misis-fall\misis2024f-24-01-vlasov-a-a\build.check\prj.check\prj.check\doctest_arrayd\doctest_arrayd.vcxproj]
    13>D:\projects\2024-misis-fall\misis2024f-24-01-vlasov-a-a\prj.check\prj.check\doctest_arrayd\doctest_arrayd.cpp(45,25): error C2039: 'Size': is not a member of 'ArrayD' [D:\projects\2024-misis-fall\misis2024f-24-01-vlasov-a-a\build.check\prj.check\prj.check\doctest_arrayd\doctest_arrayd.vcxproj]
    13>D:\projects\2024-misis-fall\misis2024f-24-01-vlasov-a-a\prj.check\prj.check\doctest_arrayd\doctest_arrayd.cpp(52,25): error C2039: 'Size': is not a member of 'ArrayD' [D:\projects\2024-misis-fall\misis2024f-24-01-vlasov-a-a\build.check\prj.check\prj.check\doctest_arrayd\doctest_arrayd.vcxproj]
    13>D:\projects\2024-misis-fall\misis2024f-24-01-vlasov-a-a\prj.check\prj.check\doctest_arrayd\doctest_arrayd.cpp(58,25): error C2039: 'Size': is not a member of 'ArrayD' [D:\projects\2024-misis-fall\misis2024f-24-01-vlasov-a-a\build.check\prj.check\prj.check\doctest_arrayd\doctest_arrayd.vcxproj]
    13>D:\projects\2024-misis-fall\misis2024f-24-01-vlasov-a-a\prj.check\prj.check\doctest_arrayd\doctest_arrayd.cpp(65,3): error C2039: 'Size': is not a member of 'ArrayD' [D:\projects\2024-misis-fall\misis2024f-24-01-vlasov-a-a\build.check\prj.check\prj.check\doctest_arrayd\doctest_arrayd.vcxproj]
    13>D:\projects\2024-misis-fall\misis2024f-24-01-vlasov-a-a\prj.check\prj.check\doctest_arrayd\doctest_arrayd.cpp(67,19): error C2039: 'Size': is not a member of 'ArrayD' [D:\projects\2024-misis-fall\misis2024f-24-01-vlasov-a-a\build.check\prj.check\prj.check\doctest_arrayd\doctest_arrayd.vcxproj]
    13>D:\projects\2024-misis-fall\misis2024f-24-01-vlasov-a-a\prj.check\prj.check\doctest_arrayd\doctest_arrayd.cpp(67,37): error C2039: 'Size': is not a member of 'ArrayD' [D:\projects\2024-misis-fall\misis2024f-24-01-vlasov-a-a\build.check\prj.check\prj.check\doctest_arrayd\doctest_arrayd.vcxproj]
    13>D:\projects\2024-misis-fall\misis2024f-24-01-vlasov-a-a\prj.check\prj.check\doctest_arrayd\doctest_arrayd.cpp(68,25): error C2039: 'Size': is not a member of 'ArrayD' [D:\projects\2024-misis-fall\misis2024f-24-01-vlasov-a-a\build.check\prj.check\prj.check\doctest_arrayd\doctest_arrayd.vcxproj]
    13>D:\projects\2024-misis-fall\misis2024f-24-01-vlasov-a-a\prj.check\prj.check\doctest_arrayd\doctest_arrayd.cpp(73,25): error C2039: 'Size': is not a member of 'ArrayD' [D:\projects\2024-misis-fall\misis2024f-24-01-vlasov-a-a\build.check\prj.check\prj.check\doctest_arrayd\doctest_arrayd.vcxproj]
    13>D:\projects\2024-misis-fall\misis2024f-24-01-vlasov-a-a\prj.check\prj.check\doctest_arrayd\doctest_arrayd.cpp(76,25): error C2039: 'Size': is not a member of 'ArrayD' [D:\projects\2024-misis-fall\misis2024f-24-01-vlasov-a-a\build.check\prj.check\prj.check\doctest_arrayd\doctest_arrayd.vcxproj]
    13>D:\projects\2024-misis-fall\misis2024f-24-01-vlasov-a-a\prj.check\prj.check\doctest_arrayd\doctest_arrayd.cpp(84,28): error C2039: 'Size': is not a member of 'ArrayD' [D:\projects\2024-misis-fall\misis2024f-24-01-vlasov-a-a\build.check\prj.check\prj.check\doctest_arrayd\doctest_arrayd.vcxproj]
    13>D:\projects\2024-misis-fall\misis2024f-24-01-vlasov-a-a\prj.check\prj.check\doctest_arrayd\doctest_arrayd.cpp(88,25): error C2039: 'Size': is not a member of 'ArrayD' [D:\projects\2024-misis-fall\misis2024f-24-01-vlasov-a-a\build.check\prj.check\prj.check\doctest_arrayd\doctest_arrayd.vcxproj]
    13>D:\projects\2024-misis-fall\misis2024f-24-01-vlasov-a-a\prj.check\prj.check\doctest_arrayd\doctest_arrayd.cpp(99,3): error C2039: 'Size': is not a member of 'ArrayD' [D:\projects\2024-misis-fall\misis2024f-24-01-vlasov-a-a\build.check\prj.check\prj.check\doctest_arrayd\doctest_arrayd.vcxproj]
    13>D:\projects\2024-misis-fall\misis2024f-24-01-vlasov-a-a\prj.check\prj.check\doctest_arrayd\doctest_arrayd.cpp(101,3): error C2039: 'Size': is not a member of 'ArrayD' [D:\projects\2024-misis-fall\misis2024f-24-01-vlasov-a-a\build.check\prj.check\prj.check\doctest_arrayd\doctest_arrayd.vcxproj]
    13>D:\projects\2024-misis-fall\misis2024f-24-01-vlasov-a-a\prj.check\prj.check\doctest_arrayd\doctest_arrayd.cpp(104,3): error C2039: 'Size': is not a member of 'ArrayD' [D:\projects\2024-misis-fall\misis2024f-24-01-vlasov-a-a\build.check\prj.check\prj.check\doctest_arrayd\doctest_arrayd.vcxproj]
    13>D:\projects\2024-misis-fall\misis2024f-24-01-vlasov-a-a\prj.check\prj.check\doctest_arrayd\doctest_arrayd.cpp(106,3): error C2039: 'Size': is not a member of 'ArrayD' [D:\projects\2024-misis-fall\misis2024f-24-01-vlasov-a-a\build.check\prj.check\prj.check\doctest_arrayd\doctest_arrayd.vcxproj]
    13>D:\projects\2024-misis-fall\misis2024f-24-01-vlasov-a-a\prj.check\prj.check\doctest_arrayd\doctest_arrayd.cpp(111,25): error C2039: 'Size': is not a member of 'ArrayD' [D:\projects\2024-misis-fall\misis2024f-24-01-vlasov-a-a\build.check\prj.check\prj.check\doctest_arrayd\doctest_arrayd.vcxproj]
    13>D:\projects\2024-misis-fall\misis2024f-24-01-vlasov-a-a\prj.check\prj.check\doctest_arrayd\doctest_arrayd.cpp(114,6): error C2039: 'Resize': is not a member of 'ArrayD' [D:\projects\2024-misis-fall\misis2024f-24-01-vlasov-a-a\build.check\prj.check\prj.check\doctest_arrayd\doctest_arrayd.vcxproj]
    13>D:\projects\2024-misis-fall\misis2024f-24-01-vlasov-a-a\prj.check\prj.check\doctest_arrayd\doctest_arrayd.cpp(116,25): error C2039: 'Size': is not a member of 'ArrayD' [D:\projects\2024-misis-fall\misis2024f-24-01-vlasov-a-a\build.check\prj.check\prj.check\doctest_arrayd\doctest_arrayd.vcxproj]
    13>D:\projects\2024-misis-fall\misis2024f-24-01-vlasov-a-a\prj.check\prj.check\doctest_arrayd\doctest_arrayd.cpp(122,6): error C2039: 'Resize': is not a member of 'ArrayD' [D:\projects\2024-misis-fall\misis2024f-24-01-vlasov-a-a\build.check\prj.check\prj.check\doctest_arrayd\doctest_arrayd.vcxproj]
    13>D:\projects\2024-misis-fall\misis2024f-24-01-vlasov-a-a\prj.check\prj.check\doctest_arrayd\doctest_arrayd.cpp(123,26): error C2039: 'Size': is not a member of 'ArrayD' [D:\projects\2024-misis-fall\misis2024f-24-01-vlasov-a-a\build.check\prj.check\prj.check\doctest_arrayd\doctest_arrayd.vcxproj]
    13>D:\projects\2024-misis-fall\misis2024f-24-01-vlasov-a-a\prj.check\prj.check\doctest_arrayd\doctest_arrayd.cpp(124,6): error C2039: 'Resize': is not a member of 'ArrayD' [D:\projects\2024-misis-fall\misis2024f-24-01-vlasov-a-a\build.check\prj.check\prj.check\doctest_arrayd\doctest_arrayd.vcxproj]
    13>D:\projects\2024-misis-fall\misis2024f-24-01-vlasov-a-a\prj.check\prj.check\doctest_arrayd\doctest_arrayd.cpp(125,25): error C2039: 'Size': is not a member of 'ArrayD' [D:\projects\2024-misis-fall\misis2024f-24-01-vlasov-a-a\build.check\prj.check\prj.check\doctest_arrayd\doctest_arrayd.vcxproj]
    13>D:\projects\2024-misis-fall\misis2024f-24-01-vlasov-a-a\prj.check\prj.check\doctest_arrayd\doctest_arrayd.cpp(135,6): error C2039: 'Resize': is not a member of 'ArrayD' [D:\projects\2024-misis-fall\misis2024f-24-01-vlasov-a-a\build.check\prj.check\prj.check\doctest_arrayd\doctest_arrayd.vcxproj]
    13>D:\projects\2024-misis-fall\misis2024f-24-01-vlasov-a-a\prj.check\prj.check\doctest_arrayd\doctest_arrayd.cpp(141,25): error C2039: 'Size': is not a member of 'ArrayD' [D:\projects\2024-misis-fall\misis2024f-24-01-vlasov-a-a\build.check\prj.check\prj.check\doctest_arrayd\doctest_arrayd.vcxproj]
    13>D:\projects\2024-misis-fall\misis2024f-24-01-vlasov-a-a\prj.check\prj.check\doctest_arrayd\doctest_arrayd.cpp(146,3): error C2039: 'Resize': is not a member of 'ArrayD' [D:\projects\2024-misis-fall\misis2024f-24-01-vlasov-a-a\build.check\prj.check\prj.check\doctest_arrayd\doctest_arrayd.vcxproj]
    13>D:\projects\2024-misis-fall\misis2024f-24-01-vlasov-a-a\prj.check\prj.check\doctest_arrayd\doctest_arrayd.cpp(147,3): error C2039: 'Resize': is not a member of 'ArrayD' [D:\projects\2024-misis-fall\misis2024f-24-01-vlasov-a-a\build.check\prj.check\prj.check\doctest_arrayd\doctest_arrayd.vcxproj]
    13>D:\projects\2024-misis-fall\misis2024f-24-01-vlasov-a-a\prj.check\prj.check\doctest_arrayd\doctest_arrayd.cpp(147,3): error C2039: 'Size': is not a member of 'ArrayD' [D:\projects\2024-misis-fall\misis2024f-24-01-vlasov-a-a\build.check\prj.check\prj.check\doctest_arrayd\doctest_arrayd.vcxproj]
    13>D:\projects\2024-misis-fall\misis2024f-24-01-vlasov-a-a\prj.check\prj.check\doctest_arrayd\doctest_arrayd.cpp(148,3): error C2039: 'Resize': is not a member of 'ArrayD' [D:\projects\2024-misis-fall\misis2024f-24-01-vlasov-a-a\build.check\prj.check\prj.check\doctest_arrayd\doctest_arrayd.vcxproj]
    13>D:\projects\2024-misis-fall\misis2024f-24-01-vlasov-a-a\prj.check\prj.check\doctest_arrayd\doctest_arrayd.cpp(153,3): error C2039: 'Insert': is not a member of 'ArrayD' [D:\projects\2024-misis-fall\misis2024f-24-01-vlasov-a-a\build.check\prj.check\prj.check\doctest_arrayd\doctest_arrayd.vcxproj]
    13>D:\projects\2024-misis-fall\misis2024f-24-01-vlasov-a-a\prj.check\prj.check\doctest_arrayd\doctest_arrayd.cpp(153,3): error C2039: 'Size': is not a member of 'ArrayD' [D:\projects\2024-misis-fall\misis2024f-24-01-vlasov-a-a\build.check\prj.check\prj.check\doctest_arrayd\doctest_arrayd.vcxproj]
    13>D:\projects\2024-misis-fall\misis2024f-24-01-vlasov-a-a\prj.check\prj.check\doctest_arrayd\doctest_arrayd.cpp(154,3): error C2039: 'Size': is not a member of 'ArrayD' [D:\projects\2024-misis-fall\misis2024f-24-01-vlasov-a-a\build.check\prj.check\prj.check\doctest_arrayd\doctest_arrayd.vcxproj]
    13>D:\projects\2024-misis-fall\misis2024f-24-01-vlasov-a-a\prj.check\prj.check\doctest_arrayd\doctest_arrayd.cpp(154,3): error C2672: 'doctest::detail::ResultBuilder::binary_assert': no matching overloaded function found [D:\projects\2024-misis-fall\misis2024f-24-01-vlasov-a-a\build.check\prj.check\prj.check\doctest_arrayd\doctest_arrayd.vcxproj]
    13>D:\projects\2024-misis-fall\misis2024f-24-01-vlasov-a-a\prj.check\prj.check\doctest_arrayd\doctest_arrayd.cpp(155,3): error C2039: 'Insert': is not a member of 'ArrayD' [D:\projects\2024-misis-fall\misis2024f-24-01-vlasov-a-a\build.check\prj.check\prj.check\doctest_arrayd\doctest_arrayd.vcxproj]
    13>D:\projects\2024-misis-fall\misis2024f-24-01-vlasov-a-a\prj.check\prj.check\doctest_arrayd\doctest_arrayd.cpp(157,3): error C2039: 'Insert': is not a member of 'ArrayD' [D:\projects\2024-misis-fall\misis2024f-24-01-vlasov-a-a\build.check\prj.check\prj.check\doctest_arrayd\doctest_arrayd.vcxproj]
    13>D:\projects\2024-misis-fall\misis2024f-24-01-vlasov-a-a\prj.check\prj.check\doctest_arrayd\doctest_arrayd.cpp(158,3): error C2039: 'Insert': is not a member of 'ArrayD' [D:\projects\2024-misis-fall\misis2024f-24-01-vlasov-a-a\build.check\prj.check\prj.check\doctest_arrayd\doctest_arrayd.vcxproj]
    13>D:\projects\2024-misis-fall\misis2024f-24-01-vlasov-a-a\prj.check\prj.check\doctest_arrayd\doctest_arrayd.cpp(158,3): error C2039: 'Size': is not a member of 'ArrayD' [D:\projects\2024-misis-fall\misis2024f-24-01-vlasov-a-a\build.check\prj.check\prj.check\doctest_arrayd\doctest_arrayd.vcxproj]
    13>D:\projects\2024-misis-fall\misis2024f-24-01-vlasov-a-a\prj.check\prj.check\doctest_arrayd\doctest_arrayd.cpp(159,3): error C2039: 'Insert': is not a member of 'ArrayD' [D:\projects\2024-misis-fall\misis2024f-24-01-vlasov-a-a\build.check\prj.check\prj.check\doctest_arrayd\doctest_arrayd.vcxproj]
    13>D:\projects\2024-misis-fall\misis2024f-24-01-vlasov-a-a\prj.check\prj.check\doctest_arrayd\doctest_arrayd.cpp(159,3): error C2039: 'Size': is not a member of 'ArrayD' [D:\projects\2024-misis-fall\misis2024f-24-01-vlasov-a-a\build.check\prj.check\prj.check\doctest_arrayd\doctest_arrayd.vcxproj]
    13>D:\projects\2024-misis-fall\misis2024f-24-01-vlasov-a-a\prj.check\prj.check\doctest_arrayd\doctest_arrayd.cpp(160,3): error C2039: 'Size': is not a member of 'ArrayD' [D:\projects\2024-misis-fall\misis2024f-24-01-vlasov-a-a\build.check\prj.check\prj.check\doctest_arrayd\doctest_arrayd.vcxproj]
    13>D:\projects\2024-misis-fall\misis2024f-24-01-vlasov-a-a\prj.check\prj.check\doctest_arrayd\doctest_arrayd.cpp(160,3): error C2672: 'doctest::detail::ResultBuilder::binary_assert': no matching overloaded function found [D:\projects\2024-misis-fall\misis2024f-24-01-vlasov-a-a\build.check\prj.check\prj.check\doctest_arrayd\doctest_arrayd.vcxproj]
    13>D:\projects\2024-misis-fall\misis2024f-24-01-vlasov-a-a\prj.check\prj.check\doctest_arrayd\doctest_arrayd.cpp(165,26): error C2039: 'Size': is not a member of 'ArrayD' [D:\projects\2024-misis-fall\misis2024f-24-01-vlasov-a-a\build.check\prj.check\prj.check\doctest_arrayd\doctest_arrayd.vcxproj]
    13>D:\projects\2024-misis-fall\misis2024f-24-01-vlasov-a-a\prj.check\prj.check\doctest_arrayd\doctest_arrayd.cpp(169,3): error C2039: 'Remove': is not a member of 'ArrayD' [D:\projects\2024-misis-fall\misis2024f-24-01-vlasov-a-a\build.check\prj.check\prj.check\doctest_arrayd\doctest_arrayd.vcxproj]
    13>D:\projects\2024-misis-fall\misis2024f-24-01-vlasov-a-a\prj.check\prj.check\doctest_arrayd\doctest_arrayd.cpp(170,3): error C2039: 'Size': is not a member of 'ArrayD' [D:\projects\2024-misis-fall\misis2024f-24-01-vlasov-a-a\build.check\prj.check\prj.check\doctest_arrayd\doctest_arrayd.vcxproj]
    13>D:\projects\2024-misis-fall\misis2024f-24-01-vlasov-a-a\prj.check\prj.check\doctest_arrayd\doctest_arrayd.cpp(170,3): error C2672: 'doctest::detail::ResultBuilder::binary_assert': no matching overloaded function found [D:\projects\2024-misis-fall\misis2024f-24-01-vlasov-a-a\build.check\prj.check\prj.check\doctest_arrayd\doctest_arrayd.vcxproj]
    13>D:\projects\2024-misis-fall\misis2024f-24-01-vlasov-a-a\prj.check\prj.check\doctest_arrayd\doctest_arrayd.cpp(172,3): error C2039: 'Remove': is not a member of 'ArrayD' [D:\projects\2024-misis-fall\misis2024f-24-01-vlasov-a-a\build.check\prj.check\prj.check\doctest_arrayd\doctest_arrayd.vcxproj]
    13>D:\projects\2024-misis-fall\misis2024f-24-01-vlasov-a-a\prj.check\prj.check\doctest_arrayd\doctest_arrayd.cpp(172,3): error C2039: 'Size': is not a member of 'ArrayD' [D:\projects\2024-misis-fall\misis2024f-24-01-vlasov-a-a\build.check\prj.check\prj.check\doctest_arrayd\doctest_arrayd.vcxproj]
    13>D:\projects\2024-misis-fall\misis2024f-24-01-vlasov-a-a\prj.check\prj.check\doctest_arrayd\doctest_arrayd.cpp(173,3): error C2039: 'Size': is not a member of 'ArrayD' [D:\projects\2024-misis-fall\misis2024f-24-01-vlasov-a-a\build.check\prj.check\prj.check\doctest_arrayd\doctest_arrayd.vcxproj]
    13>D:\projects\2024-misis-fall\misis2024f-24-01-vlasov-a-a\prj.check\prj.check\doctest_arrayd\doctest_arrayd.cpp(173,3): error C2672: 'doctest::detail::ResultBuilder::binary_assert': no matching overloaded function found [D:\projects\2024-misis-fall\misis2024f-24-01-vlasov-a-a\build.check\prj.check\prj.check\doctest_arrayd\doctest_arrayd.vcxproj]
    13>D:\projects\2024-misis-fall\misis2024f-24-01-vlasov-a-a\prj.check\prj.check\doctest_arrayd\doctest_arrayd.cpp(174,3): error C2039: 'Size': is not a member of 'ArrayD' [D:\projects\2024-misis-fall\misis2024f-24-01-vlasov-a-a\build.check\prj.check\prj.check\doctest_arrayd\doctest_arrayd.vcxproj]
    13>D:\projects\2024-misis-fall\misis2024f-24-01-vlasov-a-a\prj.check\prj.check\doctest_arrayd\doctest_arrayd.cpp(174,3): error C2672: 'doctest::detail::ResultBuilder::binary_assert': no matching overloaded function found [D:\projects\2024-misis-fall\misis2024f-24-01-vlasov-a-a\build.check\prj.check\prj.check\doctest_arrayd\doctest_arrayd.vcxproj]
    13>D:\projects\2024-misis-fall\misis2024f-24-01-vlasov-a-a\prj.check\prj.check\doctest_arrayd\doctest_arrayd.cpp(175,3): error C2039: 'Remove': is not a member of 'ArrayD' [D:\projects\2024-misis-fall\misis2024f-24-01-vlasov-a-a\build.check\prj.check\prj.check\doctest_arrayd\doctest_arrayd.vcxproj]
    13>D:\projects\2024-misis-fall\misis2024f-24-01-vlasov-a-a\prj.check\prj.check\doctest_arrayd\doctest_arrayd.cpp(176,3): error C2039: 'Remove': is not a member of 'ArrayD' [D:\projects\2024-misis-fall\misis2024f-24-01-vlasov-a-a\build.check\prj.check\prj.check\doctest_arrayd\doctest_arrayd.vcxproj]
    13>D:\projects\2024-misis-fall\misis2024f-24-01-vlasov-a-a\prj.check\prj.check\doctest_arrayd\doctest_arrayd.cpp(176,3): error C2039: 'Size': is not a member of 'ArrayD' [D:\projects\2024-misis-fall\misis2024f-24-01-vlasov-a-a\build.check\prj.check\prj.check\doctest_arrayd\doctest_arrayd.vcxproj]
