     4>D:\projects\misis2024f-check\misis2024f-24-01-vlasov-a-a\prj.check\prj.check\doctest_arrayt\doctest_arrayt.cpp(3,10): error C1083: Не удается открыть файл включение: arrayt/arrayt.hpp: No such file or directory, [D:\projects\misis2024f-check\misis2024f-24-01-vlasov-a-a\build.check\prj.check\prj.check\doctest_arrayt\doctest_arrayt.vcxproj]
     8>D:\projects\misis2024f-check\misis2024f-24-01-vlasov-a-a\prj.check\prj.check\doctest_arrayd\doctest_arrayd.cpp(3,10): error C1083: Не удается открыть файл включение: arrayd/arrayd.hpp: No such file or directory, [D:\projects\misis2024f-check\misis2024f-24-01-vlasov-a-a\build.check\prj.check\prj.check\doctest_arrayd\doctest_arrayd.vcxproj]
     6>D:\projects\misis2024f-check\misis2024f-24-01-vlasov-a-a\prj.codeforces\1873d.cpp(1,9): error C1083: Не удается открыть файл включение: bits/stdc++.h: No such file or directory, [D:\projects\misis2024f-check\misis2024f-24-01-vlasov-a-a\build.check\prj.codeforces\1873d.vcxproj]
    18>D:\projects\misis2024f-check\misis2024f-24-01-vlasov-a-a\prj.check\prj.check\doctest_rational\doctest_rational_io.cpp(3,10): error C1083: Не удается открыть файл включение: rational/rational.hpp: No such file or directory, [D:\projects\misis2024f-check\misis2024f-24-01-vlasov-a-a\build.check\prj.check\prj.check\doctest_rational\doctest_rational_io.vcxproj]
    19>D:\projects\misis2024f-check\misis2024f-24-01-vlasov-a-a\prj.check\prj.check\doctest_rational\doctest_rational.cpp(3,10): error C1083: Не удается открыть файл включение: rational/rational.hpp: No such file or directory, [D:\projects\misis2024f-check\misis2024f-24-01-vlasov-a-a\build.check\prj.check\prj.check\doctest_rational\doctest_rational.vcxproj]
